<?xml version="1.0" encoding="UTF-8"?>
<!-- Generated by org.testng.reporters.JUnitReportReporter -->
<testsuite hostname="CPDK149" failures="0" tests="5" name="CucumberTestRunner.ParameterizationTestRunner" time="68.215" errors="1" timestamp="2024-07-12T15:06:40 IST" skipped="0">
  <testcase classname="CucumberTestRunner.ParameterizationTestRunner" name="runScenario" time="14.533"/>
  <testcase classname="CucumberTestRunner.ParameterizationTestRunner" name="runScenario" time="13.925"/>
  <testcase classname="CucumberTestRunner.ParameterizationTestRunner" name="runScenario" time="16.194"/>
  <testcase classname="CucumberTestRunner.ParameterizationTestRunner" name="runScenario" time="13.338"/>
  <testcase classname="CucumberTestRunner.ParameterizationTestRunner" name="runScenario" time="10.225">
    <error message="Dismissed user prompt dialog: Wrong credentials entered: 
Build info: version: &#039;4.22.0&#039;, revision: &#039;c5f3146703*&#039;
System info: os.name: &#039;Windows 10&#039;, os.arch: &#039;amd64&#039;, os.version: &#039;10.0&#039;, java.version: &#039;21.0.3&#039;
Driver info: org.openqa.selenium.firefox.FirefoxDriver
Command: [8d3026c2-4b36-4572-ba86-c37d66fb5b36, findElement {using=xpath, value=//a[@class=&#039;btn btn-danger&#039;]}]
Capabilities {acceptInsecureCerts: true, browserName: firefox, browserVersion: 127.0, moz:accessibilityChecks: false, moz:buildID: 20240606181944, moz:debuggerAddress: 127.0.0.1:15569, moz:geckodriverVersion: 0.34.0, moz:headless: false, moz:platformVersion: 10.0, moz:processID: 5572, moz:profile: C:\Users\GOKULA~1.M\AppData..., moz:shutdownTimeout: 60000, moz:webdriverClick: true, moz:windowless: false, pageLoadStrategy: normal, platformName: windows, proxy: Proxy(), se:cdp: ws://127.0.0.1:15569/devtoo..., se:cdpVersion: 85.0, setWindowRect: true, strictFileInteractability: false, timeouts: {implicit: 0, pageLoad: 300000, script: 30000}, unhandledPromptBehavior: dismiss and notify, userAgent: Mozilla/5.0 (Windows NT 10....}
Session ID: 8d3026c2-4b36-4572-ba86-c37d66fb5b36" type="org.openqa.selenium.UnhandledAlertException">
      <![CDATA[org.openqa.selenium.UnhandledAlertException: Dismissed user prompt dialog: Wrong credentials entered: 
Build info: version: '4.22.0', revision: 'c5f3146703*'
System info: os.name: 'Windows 10', os.arch: 'amd64', os.version: '10.0', java.version: '21.0.3'
Driver info: org.openqa.selenium.firefox.FirefoxDriver
Command: [8d3026c2-4b36-4572-ba86-c37d66fb5b36, findElement {using=xpath, value=//a[@class='btn btn-danger']}]
Capabilities {acceptInsecureCerts: true, browserName: firefox, browserVersion: 127.0, moz:accessibilityChecks: false, moz:buildID: 20240606181944, moz:debuggerAddress: 127.0.0.1:15569, moz:geckodriverVersion: 0.34.0, moz:headless: false, moz:platformVersion: 10.0, moz:processID: 5572, moz:profile: C:\Users\GOKULA~1.M\AppData..., moz:shutdownTimeout: 60000, moz:webdriverClick: true, moz:windowless: false, pageLoadStrategy: normal, platformName: windows, proxy: Proxy(), se:cdp: ws://127.0.0.1:15569/devtoo..., se:cdpVersion: 85.0, setWindowRect: true, strictFileInteractability: false, timeouts: {implicit: 0, pageLoad: 300000, script: 30000}, unhandledPromptBehavior: dismiss and notify, userAgent: Mozilla/5.0 (Windows NT 10....}
Session ID: 8d3026c2-4b36-4572-ba86-c37d66fb5b36
at org.openqa.selenium.remote.codec.w3c.W3CHttpResponseCodec.decode(W3CHttpResponseCodec.java:136)
at org.openqa.selenium.remote.codec.w3c.W3CHttpResponseCodec.decode(W3CHttpResponseCodec.java:50)
at org.openqa.selenium.remote.HttpCommandExecutor.execute(HttpCommandExecutor.java:190)
at org.openqa.selenium.remote.service.DriverCommandExecutor.invokeExecute(DriverCommandExecutor.java:216)
at org.openqa.selenium.remote.service.DriverCommandExecutor.execute(DriverCommandExecutor.java:174)
at org.openqa.selenium.remote.RemoteWebDriver.execute(RemoteWebDriver.java:518)
at org.openqa.selenium.remote.ElementLocation$ElementFinder$2.findElement(ElementLocation.java:165)
at org.openqa.selenium.remote.ElementLocation.findElement(ElementLocation.java:59)
at org.openqa.selenium.remote.RemoteWebDriver.findElement(RemoteWebDriver.java:355)
at org.openqa.selenium.remote.RemoteWebDriver.findElement(RemoteWebDriver.java:349)
at PageObjects.LoginPage.isAppLoginDisplayed(LoginPage.java:47)
at StepDefenition.ParameterizationStepDefenition.user_is_navigated_to_the_home_page(ParameterizationStepDefenition.java:46)
at âœ½.user is navigated to the home page(file:///C:/Users/gokulakannan.m/eclipse-workspace/ReactProject/src/test/resources/feature/LoginUseCase.feature:11)
]]>
    </error>
  </testcase> <!-- runScenario -->
</testsuite> <!-- CucumberTestRunner.ParameterizationTestRunner -->
