<?xml version="1.0" encoding="UTF-8"?>
<!-- Generated by org.testng.reporters.JUnitReportReporter -->
<testsuite hostname="CPDK054" failures="0" tests="9" name="CucumberTestRunner.POMTestRunner" time="178.532" errors="1" timestamp="2024-07-16T13:04:17 IST" skipped="0">
  <testcase classname="CucumberTestRunner.POMTestRunner" name="runScenario" time="18.555"/>
  <testcase classname="CucumberTestRunner.POMTestRunner" name="runScenario" time="33.260"/>
  <testcase classname="CucumberTestRunner.POMTestRunner" name="runScenario" time="19.374"/>
  <testcase classname="CucumberTestRunner.POMTestRunner" name="runScenario" time="16.245"/>
  <testcase classname="CucumberTestRunner.POMTestRunner" name="runScenario" time="10.256">
    <error message="Unexpected alert dialog detected. Performed handler &quot;dismiss&quot;: 
Build info: version: &#039;4.22.0&#039;, revision: &#039;c5f3146703*&#039;
System info: os.name: &#039;Windows 10&#039;, os.arch: &#039;amd64&#039;, os.version: &#039;10.0&#039;, java.version: &#039;21.0.3&#039;
Driver info: org.openqa.selenium.firefox.FirefoxDriver
Command: [0bf2c5c0-0612-4f97-a5bc-120ced2c70c4, findElements {value=//img[@alt=&#039;Logo&#039;], using=xpath}]
Capabilities {acceptInsecureCerts: true, browserName: firefox, browserVersion: 128.0, moz:accessibilityChecks: false, moz:buildID: 20240704121409, moz:debuggerAddress: 127.0.0.1:30772, moz:geckodriverVersion: 0.34.0, moz:headless: false, moz:platformVersion: 10.0, moz:processID: 17896, moz:profile: C:\Users\MANOJK~1.D\AppData..., moz:shutdownTimeout: 60000, moz:webdriverClick: true, moz:windowless: false, pageLoadStrategy: normal, platformName: windows, proxy: Proxy(), se:cdp: ws://127.0.0.1:30772/devtoo..., se:cdpVersion: 85.0, setWindowRect: true, strictFileInteractability: false, timeouts: {implicit: 0, pageLoad: 300000, script: 30000}, unhandledPromptBehavior: dismiss and notify, userAgent: Mozilla/5.0 (Windows NT 10....}
Session ID: 0bf2c5c0-0612-4f97-a5bc-120ced2c70c4" type="org.openqa.selenium.UnhandledAlertException">
      <![CDATA[org.openqa.selenium.UnhandledAlertException: Unexpected alert dialog detected. Performed handler "dismiss": 
Build info: version: '4.22.0', revision: 'c5f3146703*'
System info: os.name: 'Windows 10', os.arch: 'amd64', os.version: '10.0', java.version: '21.0.3'
Driver info: org.openqa.selenium.firefox.FirefoxDriver
Command: [0bf2c5c0-0612-4f97-a5bc-120ced2c70c4, findElements {value=//img[@alt='Logo'], using=xpath}]
Capabilities {acceptInsecureCerts: true, browserName: firefox, browserVersion: 128.0, moz:accessibilityChecks: false, moz:buildID: 20240704121409, moz:debuggerAddress: 127.0.0.1:30772, moz:geckodriverVersion: 0.34.0, moz:headless: false, moz:platformVersion: 10.0, moz:processID: 17896, moz:profile: C:\Users\MANOJK~1.D\AppData..., moz:shutdownTimeout: 60000, moz:webdriverClick: true, moz:windowless: false, pageLoadStrategy: normal, platformName: windows, proxy: Proxy(), se:cdp: ws://127.0.0.1:30772/devtoo..., se:cdpVersion: 85.0, setWindowRect: true, strictFileInteractability: false, timeouts: {implicit: 0, pageLoad: 300000, script: 30000}, unhandledPromptBehavior: dismiss and notify, userAgent: Mozilla/5.0 (Windows NT 10....}
Session ID: 0bf2c5c0-0612-4f97-a5bc-120ced2c70c4
at org.openqa.selenium.remote.codec.w3c.W3CHttpResponseCodec.decode(W3CHttpResponseCodec.java:136)
at org.openqa.selenium.remote.codec.w3c.W3CHttpResponseCodec.decode(W3CHttpResponseCodec.java:50)
at org.openqa.selenium.remote.HttpCommandExecutor.execute(HttpCommandExecutor.java:190)
at org.openqa.selenium.remote.service.DriverCommandExecutor.invokeExecute(DriverCommandExecutor.java:216)
at org.openqa.selenium.remote.service.DriverCommandExecutor.execute(DriverCommandExecutor.java:174)
at org.openqa.selenium.remote.RemoteWebDriver.execute(RemoteWebDriver.java:518)
at org.openqa.selenium.remote.ElementLocation$ElementFinder$2.findElements(ElementLocation.java:182)
at org.openqa.selenium.remote.ElementLocation.findElements(ElementLocation.java:103)
at org.openqa.selenium.remote.RemoteWebDriver.findElements(RemoteWebDriver.java:368)
at org.openqa.selenium.remote.RemoteWebDriver.findElements(RemoteWebDriver.java:362)
at StepDefinition.POMLoginStep.logo(POMLoginStep.java:55)
at âœ½.Logo is visible(file:///C:/Users/manojkumar.d/Desktop/Test%20Testing%20React%20Project/src/test/resources/Feature/POMLoginStep.feature:11)
]]>
    </error>
  </testcase> <!-- runScenario -->
  <testcase classname="CucumberTestRunner.POMTestRunner" name="runScenario" time="22.121"/>
  <testcase classname="CucumberTestRunner.POMTestRunner" name="runScenario" time="20.236"/>
  <testcase classname="CucumberTestRunner.POMTestRunner" name="runScenario" time="18.347"/>
  <testcase classname="CucumberTestRunner.POMTestRunner" name="runScenario" time="20.138"/>
</testsuite> <!-- CucumberTestRunner.POMTestRunner -->
