<?xml version="1.0" encoding="UTF-8"?>
<!-- Generated by org.testng.reporters.JUnitReportReporter -->
<testsuite hostname="CPDK313" failures="1" tests="2" name="StepDefinition.CucumberTestRunner" time="31.670" errors="0" timestamp="2024-07-12T17:15:11 IST" skipped="0">
  <testcase classname="StepDefinition.CucumberTestRunner" name="runScenario" time="26.630"/>
  <testcase classname="StepDefinition.CucumberTestRunner" name="runScenario" time="5.040">
    <failure message="Teacher is navigated to  expected [false] but found [true]" type="java.lang.AssertionError">
      <![CDATA[java.lang.AssertionError: Teacher is navigated to  expected [false] but found [true]
at org.testng.Assert.fail(Assert.java:111)
at org.testng.Assert.failNotEquals(Assert.java:1578)
at org.testng.Assert.assertFalse(Assert.java:79)
at StepDefinition.LoginSteps.Teacher_is_navigated_to_the_home_page(LoginSteps.java:182)
at âœ½.Teacher is navigated to the home page(file:///C:/Users/vijaykumar.v/Desktop/CP%20Testing/Selenium-cucumber/ReactProject/src/test/resources/Features/Login.feature:28)
]]>
    </failure>
  </testcase> <!-- runScenario -->
</testsuite> <!-- StepDefinition.CucumberTestRunner -->
