<?xml version="1.0" encoding="UTF-8"?>
<!-- Generated by org.testng.reporters.JUnitReportReporter -->
<testsuite hostname="CPDK054" failures="0" tests="1" name="CucumberTestRunner.CucumberTestRunner" time="0.445" errors="1" timestamp="2024-07-16T10:40:04 IST" skipped="0">
  <testcase classname="CucumberTestRunner.CucumberTestRunner" name="setUpClass" time="0.445">
    <error message="Failed to parse resource at: file:///C:/Manoj/TESTING/project/CucumberProject/src/test/resources/Feature/POMHomePage.feature
(65:1): expected: #TagLine, #RuleLine, #Comment, #Empty, got &#039;Feature: Login page automation of RoomBookingReactProject application&#039;
(66:1): expected: #TagLine, #RuleLine, #Comment, #Empty, got &#039;Scenario Outline: Check login is successful with valid credentials&#039;
(68:1): expected: #TagLine, #RuleLine, #Comment, #Empty, got &#039;Given User is on Login Page&#039;
(69:1): expected: #TagLine, #RuleLine, #Comment, #Empty, got &#039;When User enters valid &quot;&lt;username&gt;&quot; and &quot;&lt;password&gt;&quot;&#039;
(70:1): expected: #TagLine, #RuleLine, #Comment, #Empty, got &#039;And clicks on login button&#039;
(71:1): expected: #TagLine, #RuleLine, #Comment, #Empty, got &#039;Then Logo is visible&#039;
(72:1): expected: #TagLine, #RuleLine, #Comment, #Empty, got &#039;Then title is visible&#039;
(73:1): expected: #TagLine, #RuleLine, #Comment, #Empty, got &#039;Then clicks on navigation button&#039;
(74:1): expected: #TagLine, #RuleLine, #Comment, #Empty, got &#039;Then clicks on Users_List&#039;
(75:1): expected: #TagLine, #RuleLine, #Comment, #Empty, got &#039;Then clicks on Room_Add&#039;
(76:1): expected: #TagLine, #RuleLine, #Comment, #Empty, got &#039;Then clicks on Edit_and_Update&#039;" type="io.cucumber.core.gherkin.FeatureParserException">
      <![CDATA[io.cucumber.core.gherkin.FeatureParserException: Failed to parse resource at: file:///C:/Manoj/TESTING/project/CucumberProject/src/test/resources/Feature/POMHomePage.feature
(65:1): expected: #TagLine, #RuleLine, #Comment, #Empty, got 'Feature: Login page automation of RoomBookingReactProject application'
(66:1): expected: #TagLine, #RuleLine, #Comment, #Empty, got 'Scenario Outline: Check login is successful with valid credentials'
(68:1): expected: #TagLine, #RuleLine, #Comment, #Empty, got 'Given User is on Login Page'
(69:1): expected: #TagLine, #RuleLine, #Comment, #Empty, got 'When User enters valid "<username>" and "<password>"'
(70:1): expected: #TagLine, #RuleLine, #Comment, #Empty, got 'And clicks on login button'
(71:1): expected: #TagLine, #RuleLine, #Comment, #Empty, got 'Then Logo is visible'
(72:1): expected: #TagLine, #RuleLine, #Comment, #Empty, got 'Then title is visible'
(73:1): expected: #TagLine, #RuleLine, #Comment, #Empty, got 'Then clicks on navigation button'
(74:1): expected: #TagLine, #RuleLine, #Comment, #Empty, got 'Then clicks on Users_List'
(75:1): expected: #TagLine, #RuleLine, #Comment, #Empty, got 'Then clicks on Room_Add'
(76:1): expected: #TagLine, #RuleLine, #Comment, #Empty, got 'Then clicks on Edit_and_Update'
at io.cucumber.core.gherkin.messages.GherkinMessagesFeatureParser.parse(GherkinMessagesFeatureParser.java:56)
at io.cucumber.core.feature.FeatureParser.parseResource(FeatureParser.java:46)
at java.base/java.util.function.BiFunction.lambda$andThen$0(BiFunction.java:70)
at io.cucumber.core.resource.ResourceScanner.lambda$processResource$1(ResourceScanner.java:79)
at io.cucumber.core.resource.PathScanner$ResourceFileVisitor.visitFile(PathScanner.java:75)
at io.cucumber.core.resource.PathScanner$ResourceFileVisitor.visitFile(PathScanner.java:60)
at java.base/java.nio.file.Files.walkFileTree(Files.java:2786)
at io.cucumber.core.resource.PathScanner.findResourcesForPath(PathScanner.java:53)
at io.cucumber.core.resource.PathScanner.findResourcesForUri(PathScanner.java:31)
at io.cucumber.core.resource.ResourceScanner.findResourcesForUri(ResourceScanner.java:61)
at io.cucumber.core.resource.ResourceScanner.scanForResourcesUri(ResourceScanner.java:134)
at io.cucumber.core.runtime.FeaturePathFeatureSupplier.loadFeatures(FeaturePathFeatureSupplier.java:62)
at io.cucumber.core.runtime.FeaturePathFeatureSupplier.get(FeaturePathFeatureSupplier.java:45)
at io.cucumber.testng.TestNGCucumberRunner.<init>(TestNGCucumberRunner.java:122)
at io.cucumber.testng.AbstractTestNGCucumberTests.setUpClass(AbstractTestNGCucumberTests.java:27)
at java.base/jdk.internal.reflect.DirectMethodHandleAccessor.invoke(DirectMethodHandleAccessor.java:103)
at java.base/java.lang.reflect.Method.invoke(Method.java:580)
at org.testng.internal.invokers.MethodInvocationHelper.invokeMethod(MethodInvocationHelper.java:141)
at org.testng.internal.invokers.MethodInvocationHelper.invokeMethodConsideringTimeout(MethodInvocationHelper.java:71)
at org.testng.internal.invokers.ConfigInvoker.invokeConfigurationMethod(ConfigInvoker.java:400)
at org.testng.internal.invokers.ConfigInvoker.invokeConfigurations(ConfigInvoker.java:333)
at org.testng.internal.invokers.TestMethodWorker.invokeBeforeClassMethods(TestMethodWorker.java:188)
at org.testng.internal.invokers.TestMethodWorker.run(TestMethodWorker.java:128)
at java.base/java.util.ArrayList.forEach(ArrayList.java:1596)
at org.testng.TestRunner.privateRun(TestRunner.java:739)
at org.testng.TestRunner.run(TestRunner.java:614)
at org.testng.SuiteRunner.runTest(SuiteRunner.java:421)
at org.testng.SuiteRunner.runSequentially(SuiteRunner.java:413)
at org.testng.SuiteRunner.privateRun(SuiteRunner.java:373)
at org.testng.SuiteRunner.run(SuiteRunner.java:312)
at org.testng.SuiteRunnerWorker.runSuite(SuiteRunnerWorker.java:52)
at org.testng.SuiteRunnerWorker.run(SuiteRunnerWorker.java:95)
at org.testng.TestNG.runSuitesSequentially(TestNG.java:1274)
at org.testng.TestNG.runSuitesLocally(TestNG.java:1208)
at org.testng.TestNG.runSuites(TestNG.java:1112)
at org.testng.TestNG.run(TestNG.java:1079)
at org.testng.remote.AbstractRemoteTestNG.run(AbstractRemoteTestNG.java:115)
at org.testng.remote.RemoteTestNG.initAndRun(RemoteTestNG.java:293)
at org.testng.remote.RemoteTestNG.main(RemoteTestNG.java:91)
]]>
    </error>
  </testcase> <!-- setUpClass -->
</testsuite> <!-- CucumberTestRunner.CucumberTestRunner -->
