<?xml version="1.0" encoding="UTF-8"?>
<!-- Generated by org.testng.reporters.JUnitXMLReporter -->
<testsuite ignored="0" hostname="CPDK313" failures="1" tests="2" name="Default test" time="33.019" errors="0" timestamp="2024-07-12T17:15:10 IST">
  <testcase classname="io.cucumber.testng.AbstractTestNGCucumberTests" name="runScenario" time="26.63"/>
  <testcase classname="io.cucumber.testng.AbstractTestNGCucumberTests" name="runScenario" time="5.04">
    <failure type="java.lang.AssertionError" message="Teacher is navigated to  expected [false] but found [true]">
      <![CDATA[java.lang.AssertionError: Teacher is navigated to  expected [false] but found [true]
at org.testng.Assert.fail(Assert.java:111)
at org.testng.Assert.failNotEquals(Assert.java:1578)
at org.testng.Assert.assertFalse(Assert.java:79)
at StepDefinition.LoginSteps.Teacher_is_navigated_to_the_home_page(LoginSteps.java:182)
at âœ½.Teacher is navigated to the home page(file:///C:/Users/vijaykumar.v/Desktop/CP%20Testing/Selenium-cucumber/ReactProject/src/test/resources/Features/Login.feature:28)
]]>
    </failure>
  </testcase> <!-- runScenario -->
</testsuite> <!-- Default test -->
