<html>
<head>
<title>TestNG:  Default test</title>
<link href="../testng.css" rel="stylesheet" type="text/css" />
<link href="../my-testng.css" rel="stylesheet" type="text/css" />

<style type="text/css">
.log { display: none;} 
.stack-trace { display: none;} 
</style>
<script type="text/javascript">
<!--
function flip(e) {
  current = e.style.display;
  if (current == 'block') {
    e.style.display = 'none';
    return 0;
  }
  else {
    e.style.display = 'block';
    return 1;
  }
}

function toggleBox(szDivId, elem, msg1, msg2)
{
  var res = -1;  if (document.getElementById) {
    res = flip(document.getElementById(szDivId));
  }
  else if (document.all) {
    // this is the way old msie versions work
    res = flip(document.all[szDivId]);
  }
  if(elem) {
    if(res == 0) elem.innerHTML = msg1; else elem.innerHTML = msg2;
  }

}

function toggleAllBoxes() {
  if (document.getElementsByTagName) {
    d = document.getElementsByTagName('div');
    for (i = 0; i < d.length; i++) {
      if (d[i].className == 'log') {
        flip(d[i]);
      }
    }
  }
}

// -->
</script>

</head>
<body>
<h2 align='center'>Default test</h2><table border='1' align="center">
<tr>
<td>Tests passed/Failed/Skipped:</td><td>3/3/0</td>
</tr><tr>
<td>Started on:</td><td>Mon Jul 15 11:40:50 IST 2024</td>
</tr>
<tr><td>Total time:</td><td>219 seconds (219766 ms)</td>
</tr><tr>
<td>Included groups:</td><td></td>
</tr><tr>
<td>Excluded groups:</td><td></td>
</tr>
</table><p/>
<small><i>(Hover the method name to see the test class name)</i></small><p/>
<table width='100%' border='1' class='invocation-failed'>
<tr><td colspan='4' align='center'><b>FAILED TESTS</b></td></tr>
<tr><td><b>Test method</b></td>
<td><b>Attribute(s)</b></td>
<td width="30%"><b>Exception</b></td>
<td width="10%"><b>Time (seconds)</b></td>
<td><b>Instance</b></td>
</tr>
<tr>
<td title='StepDefinition.CucumberTestRunner.runScenario()'><b>runScenario</b><br>Test class: StepDefinition.CucumberTestRunner<br>Test method: Runs Cucumber Scenarios<br>Parameters: "Check Login is successful with valid credentials", "Login Page automation of saucedemo application"</td>
<td><div><pre>org.openqa.selenium.NoSuchElementException: Unable to locate element: //li[normalize-space()=&apos;&apos;]
For documentation on this error, please visit: https://www.selenium.dev/documentation/webdriver/troubleshooting/errors#no-such-element-exception
Build info: version: &apos;4.22.0&apos;, revision: &apos;c5f3146703*&apos;
System info: os.name: &apos;Windows 10&apos;, os.arch: &apos;amd64&apos;, os.version: &apos;10.0&apos;, java.version: &apos;21.0.1&apos;
Driver info: org.openqa.selenium.firefox.FirefoxDriver
Command: [fb176d54-5545-4459-836d-d894fbd0e473, findElement {using=xpath, value=//li[normalize-space()=&apos;&apos;]}]
Capabilities {acceptInsecureCerts: true, browserName: firefox, browserVersion: 128.0, moz:accessibilityChecks: false, moz:buildID: 20240704121409, moz:debuggerAddress: 127.0.0.1:35781, moz:geckodriverVersion: 0.34.0, moz:headless: false, moz:platformVersion: 10.0, moz:processID: 12284, moz:profile: C:\Users\NIRMAL~1.S\AppData..., moz:shutdownTimeout: 60000, moz:webdriverClick: true, moz:windowless: false, pageLoadStrategy: normal, platformName: windows, proxy: Proxy(), se:cdp: ws://127.0.0.1:35781/devtoo..., se:cdpVersion: 85.0, setWindowRect: true, strictFileInteractability: false, timeouts: {implicit: 0, pageLoad: 300000, script: 30000}, unhandledPromptBehavior: dismiss and notify, userAgent: Mozilla/5.0 (Windows NT 10....}
Session ID: fb176d54-5545-4459-836d-d894fbd0e473
	at java.base/jdk.internal.reflect.DirectConstructorHandleAccessor.newInstance(DirectConstructorHandleAccessor.java:62)
	at java.base/java.lang.reflect.Constructor.newInstanceWithCaller(Constructor.java:502)
	at java.base/java.lang.reflect.Constructor.newInstance(Constructor.java:486)
	at org.openqa.selenium.remote.ErrorCodec.decode(ErrorCodec.java:167)
	at org.openqa.selenium.remote.codec.w3c.W3CHttpResponseCodec.decode(W3CHttpResponseCodec.java:138)
	at org.openqa.selenium.remote.codec.w3c.W3CHttpResponseCodec.decode(W3CHttpResponseCodec.java:50)
	at org.openqa.selenium.remote.HttpCommandExecutor.execute(HttpCommandExecutor.java:190)
	at org.openqa.selenium.remote.service.DriverCommandExecutor.invokeExecute(DriverCommandExecutor.java:216)
	at org.openqa.selenium.remote.service.DriverCommandExecutor.execute(DriverCommandExecutor.java:174)
	at org.openqa.selenium.remote.RemoteWebDriver.execute(RemoteWebDriver.java:518)
	at org.openqa.selenium.remote.ElementLocation$ElementFinder$2.findElement(ElementLocation.java:165)
	at org.openqa.selenium.remote.ElementLocation.findElement(ElementLocation.java:59)
	at org.openqa.selenium.remote.RemoteWebDriver.findElement(RemoteWebDriver.java:355)
	at org.openqa.selenium.remote.RemoteWebDriver.findElement(RemoteWebDriver.java:349)
	at StepDefinition.LoginSteps.user_enters_valid_and(LoginSteps.java:59)
	at ✽.User enters valid &quot;&quot; and &quot;&quot; and &quot;&quot;(file:///C:/Users/nirmalraj.s/Desktop/Institute%20Management%20Project/CucumberProject/src/test/resources/features/Institutelogin.feature:12)
</pre></div><a href='#' onClick='toggleBox("stack-trace578102596", this, "Click to show all stack frames", "Click to hide stack frames")'>Click to show all stack frames</a>
<div class='stack-trace' id='stack-trace578102596'><pre>org.openqa.selenium.NoSuchElementException: Unable to locate element: //li[normalize-space()=&apos;&apos;]
For documentation on this error, please visit: https://www.selenium.dev/documentation/webdriver/troubleshooting/errors#no-such-element-exception
Build info: version: &apos;4.22.0&apos;, revision: &apos;c5f3146703*&apos;
System info: os.name: &apos;Windows 10&apos;, os.arch: &apos;amd64&apos;, os.version: &apos;10.0&apos;, java.version: &apos;21.0.1&apos;
Driver info: org.openqa.selenium.firefox.FirefoxDriver
Command: [fb176d54-5545-4459-836d-d894fbd0e473, findElement {using=xpath, value=//li[normalize-space()=&apos;&apos;]}]
Capabilities {acceptInsecureCerts: true, browserName: firefox, browserVersion: 128.0, moz:accessibilityChecks: false, moz:buildID: 20240704121409, moz:debuggerAddress: 127.0.0.1:35781, moz:geckodriverVersion: 0.34.0, moz:headless: false, moz:platformVersion: 10.0, moz:processID: 12284, moz:profile: C:\Users\NIRMAL~1.S\AppData..., moz:shutdownTimeout: 60000, moz:webdriverClick: true, moz:windowless: false, pageLoadStrategy: normal, platformName: windows, proxy: Proxy(), se:cdp: ws://127.0.0.1:35781/devtoo..., se:cdpVersion: 85.0, setWindowRect: true, strictFileInteractability: false, timeouts: {implicit: 0, pageLoad: 300000, script: 30000}, unhandledPromptBehavior: dismiss and notify, userAgent: Mozilla/5.0 (Windows NT 10....}
Session ID: fb176d54-5545-4459-836d-d894fbd0e473
	at java.base/jdk.internal.reflect.DirectConstructorHandleAccessor.newInstance(DirectConstructorHandleAccessor.java:62)
	at java.base/java.lang.reflect.Constructor.newInstanceWithCaller(Constructor.java:502)
	at java.base/java.lang.reflect.Constructor.newInstance(Constructor.java:486)
	at org.openqa.selenium.remote.ErrorCodec.decode(ErrorCodec.java:167)
	at org.openqa.selenium.remote.codec.w3c.W3CHttpResponseCodec.decode(W3CHttpResponseCodec.java:138)
	at org.openqa.selenium.remote.codec.w3c.W3CHttpResponseCodec.decode(W3CHttpResponseCodec.java:50)
	at org.openqa.selenium.remote.HttpCommandExecutor.execute(HttpCommandExecutor.java:190)
	at org.openqa.selenium.remote.service.DriverCommandExecutor.invokeExecute(DriverCommandExecutor.java:216)
	at org.openqa.selenium.remote.service.DriverCommandExecutor.execute(DriverCommandExecutor.java:174)
	at org.openqa.selenium.remote.RemoteWebDriver.execute(RemoteWebDriver.java:518)
	at org.openqa.selenium.remote.ElementLocation$ElementFinder$2.findElement(ElementLocation.java:165)
	at org.openqa.selenium.remote.ElementLocation.findElement(ElementLocation.java:59)
	at org.openqa.selenium.remote.RemoteWebDriver.findElement(RemoteWebDriver.java:355)
	at org.openqa.selenium.remote.RemoteWebDriver.findElement(RemoteWebDriver.java:349)
	at StepDefinition.LoginSteps.user_enters_valid_and(LoginSteps.java:59)
	at ✽.User enters valid &quot;&quot; and &quot;&quot; and &quot;&quot;(file:///C:/Users/nirmalraj.s/Desktop/Institute%20Management%20Project/CucumberProject/src/test/resources/features/Institutelogin.feature:12)
</pre></div></td>
<td>23</td>
<td>StepDefinition.CucumberTestRunner@77c2494c</td></tr>
<tr>
<td title='StepDefinition.CucumberTestRunner.runScenario()'><b>runScenario</b><br>Test class: StepDefinition.CucumberTestRunner<br>Test method: Runs Cucumber Scenarios<br>Parameters: "Check Login is successful with valid credentials", "Login Page automation of saucedemo application"</td>
<td><div><pre>java.lang.AssertionError: user is navigated to home  page expected [true] but found [false]
	at org.testng.Assert.fail(Assert.java:111)
	at org.testng.Assert.failNotEquals(Assert.java:1578)
	at org.testng.Assert.assertTrue(Assert.java:57)
	at StepDefinition.LoginSteps.user_is_navigated_to_the_home_page(LoginSteps.java:76)
	at ✽.user is navigated to the home page &quot;Dear Student Welcomeback&quot;(file:///C:/Users/nirmalraj.s/Desktop/Institute%20Management%20Project/CucumberProject/src/test/resources/features/Institutelogin.feature:14)
</pre></div><a href='#' onClick='toggleBox("stack-trace750797656", this, "Click to show all stack frames", "Click to hide stack frames")'>Click to show all stack frames</a>
<div class='stack-trace' id='stack-trace750797656'><pre>java.lang.AssertionError: user is navigated to home  page expected [true] but found [false]
	at org.testng.Assert.fail(Assert.java:111)
	at org.testng.Assert.failNotEquals(Assert.java:1578)
	at org.testng.Assert.assertTrue(Assert.java:57)
	at StepDefinition.LoginSteps.user_is_navigated_to_the_home_page(LoginSteps.java:76)
	at ✽.user is navigated to the home page &quot;Dear Student Welcomeback&quot;(file:///C:/Users/nirmalraj.s/Desktop/Institute%20Management%20Project/CucumberProject/src/test/resources/features/Institutelogin.feature:14)
</pre></div></td>
<td>23</td>
<td>StepDefinition.CucumberTestRunner@77c2494c</td></tr>
<tr>
<td title='StepDefinition.CucumberTestRunner.runScenario()'><b>runScenario</b><br>Test class: StepDefinition.CucumberTestRunner<br>Test method: Runs Cucumber Scenarios<br>Parameters: "Check Login is successful with valid credentials", "Login Page automation of saucedemo application"</td>
<td><div><pre>java.lang.AssertionError: user is navigated to home  page expected [true] but found [false]
	at org.testng.Assert.fail(Assert.java:111)
	at org.testng.Assert.failNotEquals(Assert.java:1578)
	at org.testng.Assert.assertTrue(Assert.java:57)
	at StepDefinition.LoginSteps.user_is_navigated_to_the_home_page(LoginSteps.java:76)
	at ✽.user is navigated to the home page &quot;Dear Student Welcomeback&quot;(file:///C:/Users/nirmalraj.s/Desktop/Institute%20Management%20Project/CucumberProject/src/test/resources/features/Institutelogin.feature:14)
</pre></div><a href='#' onClick='toggleBox("stack-trace1481853275", this, "Click to show all stack frames", "Click to hide stack frames")'>Click to show all stack frames</a>
<div class='stack-trace' id='stack-trace1481853275'><pre>java.lang.AssertionError: user is navigated to home  page expected [true] but found [false]
	at org.testng.Assert.fail(Assert.java:111)
	at org.testng.Assert.failNotEquals(Assert.java:1578)
	at org.testng.Assert.assertTrue(Assert.java:57)
	at StepDefinition.LoginSteps.user_is_navigated_to_the_home_page(LoginSteps.java:76)
	at ✽.user is navigated to the home page &quot;Dear Student Welcomeback&quot;(file:///C:/Users/nirmalraj.s/Desktop/Institute%20Management%20Project/CucumberProject/src/test/resources/features/Institutelogin.feature:14)
</pre></div></td>
<td>23</td>
<td>StepDefinition.CucumberTestRunner@77c2494c</td></tr>
</table><p>
<table width='100%' border='1' class='invocation-passed'>
<tr><td colspan='4' align='center'><b>PASSED TESTS</b></td></tr>
<tr><td><b>Test method</b></td>
<td><b>Attribute(s)</b></td>
<td width="30%"><b>Exception</b></td>
<td width="10%"><b>Time (seconds)</b></td>
<td><b>Instance</b></td>
</tr>
<tr>
<td title='StepDefinition.CucumberTestRunner.runScenario()'><b>runScenario</b><br>Test class: StepDefinition.CucumberTestRunner<br>Test method: Runs Cucumber Scenarios<br>Parameters: "Check Login is successful with valid credentials", "Login Page automation of saucedemo application"</td>
<td></td>
<td>44</td>
<td>StepDefinition.CucumberTestRunner@77c2494c</td></tr>
<tr>
<td title='StepDefinition.CucumberTestRunner.runScenario()'><b>runScenario</b><br>Test class: StepDefinition.CucumberTestRunner<br>Test method: Runs Cucumber Scenarios<br>Parameters: "Check Login is successful with valid credentials", "Login Page automation of saucedemo application"</td>
<td></td>
<td>53</td>
<td>StepDefinition.CucumberTestRunner@77c2494c</td></tr>
<tr>
<td title='StepDefinition.CucumberTestRunner.runScenario()'><b>runScenario</b><br>Test class: StepDefinition.CucumberTestRunner<br>Test method: Runs Cucumber Scenarios<br>Parameters: "Check Login is successful with valid credentials", "Login Page automation of saucedemo application"</td>
<td></td>
<td>49</td>
<td>StepDefinition.CucumberTestRunner@77c2494c</td></tr>
</table><p>
</body>
</html>